<?xml version="1.0" encoding="UTF-8"?>
<!-- Generated by org.testng.reporters.JUnitReportReporter -->
<testsuite hostname="Jasper" failures="0" tests="1" name="MerinFinalProject.FinalTest" time="78.554" errors="0" timestamp="2024-07-15T08:54:41 CST" skipped="0">
  <testcase classname="MerinFinalProject.FinalTest" name="readData" time="78.554"/>
</testsuite> <!-- MerinFinalProject.FinalTest -->
